<?xml version="1.0" encoding="UTF-8"?>
<!-- Generated by org.testng.reporters.JUnitXMLReporter -->
<testsuite ignored="0" hostname="DESKTOP-GJMFF2T" failures="1" tests="3" name="highpriorityFirefoxTest" time="51.945" errors="0" timestamp="2022-08-17T11:48:11 IST">
  <testcase classname="com.Angelone.Testpackage.TestBaseClass" name="@BeforeMethod setup" time="14.411">
    <failure type="org.openqa.selenium.ElementNotInteractableException" message="Element &amp;lt;button id=&amp;quot;tabclose&amp;quot; class=&amp;quot;close icon-cancel&amp;quot; type=&amp;quot;button&amp;quot;&amp;gt; could not be scrolled into view
Build info: version: &amp;apos;4.3.0&amp;apos;, revision: &amp;apos;a4995e2c09*&amp;apos;
System info: host: &amp;apos;DESKTOP-GJMFF2T&amp;apos;, ip: &amp;apos;192.168.244.188&amp;apos;, os.name: &amp;apos;Windows 10&amp;apos;, os.arch: &amp;apos;amd64&amp;apos;, os.version: &amp;apos;10.0&amp;apos;, java.version: &amp;apos;16.0.2&amp;apos;
Driver info: org.openqa.selenium.firefox.FirefoxDriver
Command: [f5426e99-8514-46af-b8ae-9297a28fe303, clickElement {id=bfef4e24-4eae-4f0d-85dd-ee22bc7892ee}]
Capabilities {acceptInsecureCerts: true, browserName: firefox, browserVersion: 103.0.1, moz:accessibilityChecks: false, moz:buildID: 20220729222726, moz:debuggerAddress: localhost:62272, moz:geckodriverVersion: 0.31.0, moz:headless: false, moz:platformVersion: 10.0, moz:processID: 10744, moz:profile: C:\Users\ADMIN\AppData\Loca..., moz:shutdownTimeout: 60000, moz:useNonSpecCompliantPointerOrigin: false, moz:webdriverClick: true, moz:windowless: false, pageLoadStrategy: normal, platformName: WINDOWS, proxy: Proxy(), se:cdp: ws://localhost:62272/devtoo..., se:cdpVersion: 85.0, setWindowRect: true, strictFileInteractability: false, timeouts: {implicit: 0, pageLoad: 300000, script: 30000}, unhandledPromptBehavior: dismiss and notify}
Element: [[FirefoxDriver: firefox on WINDOWS (f5426e99-8514-46af-b8ae-9297a28fe303)] -&amp;gt; xpath: /html/body/div[3]/div[5]/div/button]
Session ID: f5426e99-8514-46af-b8ae-9297a28fe303">
      <![CDATA[org.openqa.selenium.ElementNotInteractableException: Element <button id="tabclose" class="close icon-cancel" type="button"> could not be scrolled into view
Build info: version: '4.3.0', revision: 'a4995e2c09*'
System info: host: 'DESKTOP-GJMFF2T', ip: '192.168.244.188', os.name: 'Windows 10', os.arch: 'amd64', os.version: '10.0', java.version: '16.0.2'
Driver info: org.openqa.selenium.firefox.FirefoxDriver
Command: [f5426e99-8514-46af-b8ae-9297a28fe303, clickElement {id=bfef4e24-4eae-4f0d-85dd-ee22bc7892ee}]
Capabilities {acceptInsecureCerts: true, browserName: firefox, browserVersion: 103.0.1, moz:accessibilityChecks: false, moz:buildID: 20220729222726, moz:debuggerAddress: localhost:62272, moz:geckodriverVersion: 0.31.0, moz:headless: false, moz:platformVersion: 10.0, moz:processID: 10744, moz:profile: C:\Users\ADMIN\AppData\Loca..., moz:shutdownTimeout: 60000, moz:useNonSpecCompliantPointerOrigin: false, moz:webdriverClick: true, moz:windowless: false, pageLoadStrategy: normal, platformName: WINDOWS, proxy: Proxy(), se:cdp: ws://localhost:62272/devtoo..., se:cdpVersion: 85.0, setWindowRect: true, strictFileInteractability: false, timeouts: {implicit: 0, pageLoad: 300000, script: 30000}, unhandledPromptBehavior: dismiss and notify}
Element: [[FirefoxDriver: firefox on WINDOWS (f5426e99-8514-46af-b8ae-9297a28fe303)] -> xpath: /html/body/div[3]/div[5]/div/button]
Session ID: f5426e99-8514-46af-b8ae-9297a28fe303
at org.openqa.selenium.remote.codec.w3c.W3CHttpResponseCodec.createException(W3CHttpResponseCodec.java:200)
at org.openqa.selenium.remote.codec.w3c.W3CHttpResponseCodec.decode(W3CHttpResponseCodec.java:133)
at org.openqa.selenium.remote.codec.w3c.W3CHttpResponseCodec.decode(W3CHttpResponseCodec.java:53)
at org.openqa.selenium.remote.HttpCommandExecutor.execute(HttpCommandExecutor.java:184)
at org.openqa.selenium.remote.service.DriverCommandExecutor.invokeExecute(DriverCommandExecutor.java:167)
at org.openqa.selenium.remote.service.DriverCommandExecutor.execute(DriverCommandExecutor.java:142)
at org.openqa.selenium.remote.RemoteWebDriver.execute(RemoteWebDriver.java:569)
at org.openqa.selenium.remote.RemoteWebElement.execute(RemoteWebElement.java:257)
at org.openqa.selenium.remote.RemoteWebElement.click(RemoteWebElement.java:78)
at org.openqa.selenium.support.pagefactory.internal.LocatingElementHandler.invoke(LocatingElementHandler.java:52)
at jdk.proxy2/jdk.proxy2.$Proxy17.click(Unknown Source)
at com.Angelone.POMpackage.LoginPOMclass.closepopup(LoginPOMclass.java:44)
at com.Angelone.Testpackage.TestBaseClass.setup(TestBaseClass.java:65)
at java.base/java.util.ArrayList.forEach(ArrayList.java:1511)
... Removed 39 stack frames]]>
    </failure>
  </testcase> <!-- @BeforeMethod setup -->
  <testcase classname="com.Angelone.Testpackage.TestBaseClass" name="@AfterMethod teardown" time="-1.660717073761E9">
    <skipped/>
  </testcase> <!-- @AfterMethod teardown -->
  <testcase classname="com.Angelone.Testpackage.TC01VarifyLoginFunctionality" name="method" time="0.034"/>
  <testcase classname="com.Angelone.Testpackage.TC02VarifyWeAreAbleToSelectSymbolORnot" name="selectSymbol" time="0.0">
    <skipped/>
  </testcase> <!-- selectSymbol -->
  <testcase classname="com.Angelone.Testpackage.TC03verifyLogOutfunctionality" name="VerifyLogOutFunctionality" time="0.064">
    <failure type="org.openqa.selenium.ElementClickInterceptedException" message="Element &amp;lt;a class=&amp;quot;dropdown-toggle&amp;quot; href=&amp;quot;#&amp;quot;&amp;gt; is not clickable at point (1291,48) because another element &amp;lt;div class=&amp;quot;modal-backdrop fade&amp;quot;&amp;gt; obscures it
Build info: version: &amp;apos;4.3.0&amp;apos;, revision: &amp;apos;a4995e2c09*&amp;apos;
System info: host: &amp;apos;DESKTOP-GJMFF2T&amp;apos;, ip: &amp;apos;192.168.244.188&amp;apos;, os.name: &amp;apos;Windows 10&amp;apos;, os.arch: &amp;apos;amd64&amp;apos;, os.version: &amp;apos;10.0&amp;apos;, java.version: &amp;apos;16.0.2&amp;apos;
Driver info: org.openqa.selenium.firefox.FirefoxDriver
Command: [33a83cbf-383a-4f14-8c74-9a5946cc44e8, clickElement {id=009daeb2-b153-4a3c-ac83-61eb54cd7595}]
Capabilities {acceptInsecureCerts: true, browserName: firefox, browserVersion: 103.0.1, moz:accessibilityChecks: false, moz:buildID: 20220729222726, moz:debuggerAddress: localhost:59374, moz:geckodriverVersion: 0.31.0, moz:headless: false, moz:platformVersion: 10.0, moz:processID: 8640, moz:profile: C:\Users\ADMIN\AppData\Loca..., moz:shutdownTimeout: 60000, moz:useNonSpecCompliantPointerOrigin: false, moz:webdriverClick: true, moz:windowless: false, pageLoadStrategy: normal, platformName: WINDOWS, proxy: Proxy(), se:cdp: ws://localhost:59374/devtoo..., se:cdpVersion: 85.0, setWindowRect: true, strictFileInteractability: false, timeouts: {implicit: 0, pageLoad: 300000, script: 30000}, unhandledPromptBehavior: dismiss and notify}
Element: [[FirefoxDriver: firefox on WINDOWS (33a83cbf-383a-4f14-8c74-9a5946cc44e8)] -&amp;gt; xpath: (//a[@class=&amp;apos;dropdown-toggle&amp;apos;])[10]]
Session ID: 33a83cbf-383a-4f14-8c74-9a5946cc44e8">
      <![CDATA[org.openqa.selenium.ElementClickInterceptedException: Element <a class="dropdown-toggle" href="#"> is not clickable at point (1291,48) because another element <div class="modal-backdrop fade"> obscures it
Build info: version: '4.3.0', revision: 'a4995e2c09*'
System info: host: 'DESKTOP-GJMFF2T', ip: '192.168.244.188', os.name: 'Windows 10', os.arch: 'amd64', os.version: '10.0', java.version: '16.0.2'
Driver info: org.openqa.selenium.firefox.FirefoxDriver
Command: [33a83cbf-383a-4f14-8c74-9a5946cc44e8, clickElement {id=009daeb2-b153-4a3c-ac83-61eb54cd7595}]
Capabilities {acceptInsecureCerts: true, browserName: firefox, browserVersion: 103.0.1, moz:accessibilityChecks: false, moz:buildID: 20220729222726, moz:debuggerAddress: localhost:59374, moz:geckodriverVersion: 0.31.0, moz:headless: false, moz:platformVersion: 10.0, moz:processID: 8640, moz:profile: C:\Users\ADMIN\AppData\Loca..., moz:shutdownTimeout: 60000, moz:useNonSpecCompliantPointerOrigin: false, moz:webdriverClick: true, moz:windowless: false, pageLoadStrategy: normal, platformName: WINDOWS, proxy: Proxy(), se:cdp: ws://localhost:59374/devtoo..., se:cdpVersion: 85.0, setWindowRect: true, strictFileInteractability: false, timeouts: {implicit: 0, pageLoad: 300000, script: 30000}, unhandledPromptBehavior: dismiss and notify}
Element: [[FirefoxDriver: firefox on WINDOWS (33a83cbf-383a-4f14-8c74-9a5946cc44e8)] -> xpath: (//a[@class='dropdown-toggle'])[10]]
Session ID: 33a83cbf-383a-4f14-8c74-9a5946cc44e8
at org.openqa.selenium.remote.codec.w3c.W3CHttpResponseCodec.createException(W3CHttpResponseCodec.java:200)
at org.openqa.selenium.remote.codec.w3c.W3CHttpResponseCodec.decode(W3CHttpResponseCodec.java:133)
at org.openqa.selenium.remote.codec.w3c.W3CHttpResponseCodec.decode(W3CHttpResponseCodec.java:53)
at org.openqa.selenium.remote.HttpCommandExecutor.execute(HttpCommandExecutor.java:184)
at org.openqa.selenium.remote.service.DriverCommandExecutor.invokeExecute(DriverCommandExecutor.java:167)
at org.openqa.selenium.remote.service.DriverCommandExecutor.execute(DriverCommandExecutor.java:142)
at org.openqa.selenium.remote.RemoteWebDriver.execute(RemoteWebDriver.java:569)
at org.openqa.selenium.remote.RemoteWebElement.execute(RemoteWebElement.java:257)
at org.openqa.selenium.remote.RemoteWebElement.click(RemoteWebElement.java:78)
at org.openqa.selenium.support.pagefactory.internal.LocatingElementHandler.invoke(LocatingElementHandler.java:52)
at jdk.proxy2/jdk.proxy2.$Proxy17.click(Unknown Source)
at com.Angelone.POMpackage.LogOutPOM.clickProfile(LogOutPOM.java:25)
at com.Angelone.Testpackage.TC03verifyLogOutfunctionality.VerifyLogOutFunctionality(TC03verifyLogOutfunctionality.java:23)
at java.base/java.util.ArrayList.forEach(ArrayList.java:1511)
... Removed 35 stack frames]]>
    </failure>
  </testcase> <!-- VerifyLogOutFunctionality -->
</testsuite> <!-- highpriorityFirefoxTest -->
