<?xml version="1.0" encoding="UTF-8"?>
<!-- Generated by org.testng.reporters.JUnitXMLReporter -->
<testsuite ignored="0" hostname="DESKTOP-GJMFF2T" failures="0" tests="3" name="highpriorityChromeTest" time="72.935" errors="0" timestamp="2022-08-17T11:47:19 IST">
  <testcase classname="com.Angelone.Testpackage.TC01VarifyLoginFunctionality" name="method" time="0.076"/>
  <testcase classname="com.Angelone.Testpackage.TC02VarifyWeAreAbleToSelectSymbolORnot" name="selectSymbol" time="14.655"/>
  <testcase classname="com.Angelone.Testpackage.TC03verifyLogOutfunctionality" name="VerifyLogOutFunctionality" time="3.223"/>
</testsuite> <!-- highpriorityChromeTest -->
