<?xml version="1.0" encoding="UTF-8"?>
<!-- Generated by org.testng.reporters.JUnitXMLReporter -->
<testsuite ignored="0" hostname="DESKTOP-GJMFF2T" failures="0" tests="3" name="Test" time="51.107" errors="0" timestamp="2022-08-06T19:45:05 IST">
  <testcase classname="com.Angelone.Testpackage.TC01VarifyLoginFunctionality" name="method" time="0.045"/>
  <testcase classname="com.Angelone.Testpackage.TC02VarifyWeAreAbleToSelectSymbolORnot" name="selectSymbol" time="10.383"/>
  <testcase classname="com.Angelone.Testpackage.TC04verifyLogOutfunctionality" name="VerifyLogOutFunctionality" time="3.195"/>
</testsuite> <!-- Test -->
